2023-01-06 18:13:10.241  INFO 17944 --- [restartedMain] o.a.s.d.c.SpringDubboConsumerApplication : Starting SpringDubboConsumerApplication using Java 17.0.5 on LAPTOP-753I5RSM with PID 17944 (C:\Users\mikea\IdeaProjects\spring-dubbo-demo\spring-dubbo-consumer\target\classes started by mikea in C:\Users\mikea\IdeaProjects\spring-dubbo-demo)
2023-01-06 18:13:10.245  INFO 17944 --- [restartedMain] o.a.s.d.c.SpringDubboConsumerApplication : No active profile set, falling back to 1 default profile: "default"
2023-01-06 18:13:10.297  INFO 17944 --- [restartedMain] .e.DevToolsPropertyDefaultsPostProcessor : Devtools property defaults active! Set 'spring.devtools.add-properties' to 'false' to disable
2023-01-06 18:13:10.298  INFO 17944 --- [restartedMain] .e.DevToolsPropertyDefaultsPostProcessor : For additional web related logging consider setting the 'logging.level.web' property to 'DEBUG'
2023-01-06 18:13:11.171  INFO 17944 --- [restartedMain] f.a.ReferenceAnnotationBeanPostProcessor : Register dubbo reference bean: loginService = ReferenceBean:org.apache.spring.dubbo.inter.login.api.LoginService() at org.apache.spring.dubbo.inter.login.api.LoginService org.apache.spring.dubbo.consumer.login.web.LoginController.loginService
2023-01-06 18:13:11.305  INFO 17944 --- [restartedMain] f.a.ReferenceAnnotationBeanPostProcessor : class org.apache.dubbo.config.spring.beans.factory.annotation.ReferenceAnnotationBeanPostProcessor was destroying!
2023-01-06 18:13:11.643  INFO 17944 --- [restartedMain] o.s.b.d.a.OptionalLiveReloadServer       : LiveReload server is running on port 35729
2023-01-06 18:13:11.650  INFO 17944 --- [restartedMain] o.a.d.c.s.c.DubboConfigBeanInitializer   : loading dubbo config beans ...
2023-01-06 18:13:11.679  INFO 17944 --- [restartedMain] o.a.d.c.s.c.DubboConfigBeanInitializer   : dubbo config beans are loaded.
2023-01-06 18:13:12.025  INFO 17944 --- [restartedMain] o.a.d.c.s.r.ReferenceCreator             : The configBean[type:ReferenceConfig<org.apache.spring.dubbo.inter.login.api.LoginService>] has been built.
2023-01-06 18:13:12.670  INFO 17944 --- [restartedMain] o.s.b.w.e.n.NettyWebServer               : Netty started on port 8080
2023-01-06 18:13:12.709  INFO 17944 --- [restartedMain] o.s.b.a.e.w.EndpointLinksResolver        : Exposing 1 endpoint(s) beneath base path '/actuator'
2023-01-06 18:13:12.727  INFO 17944 --- [restartedMain] o.s.b.w.e.n.NettyWebServer               : Netty started on port 39154
2023-01-06 18:13:13.509  INFO 17944 --- [restartedMain] ConditionEvaluationReportLoggingListener : 

Error starting ApplicationContext. To display the conditions report re-run your application with 'debug' enabled.
2023-01-06 18:13:13.527 ERROR 17944 --- [restartedMain] o.s.b.SpringApplication                  : Application run failed

java.lang.IllegalStateException: Failed to check the status of the service org.apache.spring.dubbo.inter.login.api.LoginService. No provider available for the service org.apache.spring.dubbo.inter.login.api.LoginService from the url consumer://192.168.1.52/org.apache.spring.dubbo.inter.login.api.LoginService?application=spring-dubbo-consumer&background=false&dubbo=2.0.2&interface=org.apache.spring.dubbo.inter.login.api.LoginService&methods=getByEmail&pid=17944&qos.enable=true&register.ip=192.168.1.52&release=3.1.3&side=consumer&sticky=false&timestamp=1672999993171&unloadClusterRelated=false to the consumer 192.168.1.52 use dubbo version 3.1.3
	at org.apache.dubbo.config.ReferenceConfig.checkInvokerAvailable(ReferenceConfig.java:668) ~[dubbo-3.1.3.jar:3.1.3]
	at org.apache.dubbo.config.ReferenceConfig.init(ReferenceConfig.java:309) ~[dubbo-3.1.3.jar:3.1.3]
	at org.apache.dubbo.config.ReferenceConfig.get(ReferenceConfig.java:232) ~[dubbo-3.1.3.jar:3.1.3]
	at org.apache.dubbo.config.utils.SimpleReferenceCache.destroyReference(SimpleReferenceCache.java:264) ~[dubbo-3.1.3.jar:3.1.3]
	at org.apache.dubbo.config.utils.SimpleReferenceCache.destroy(SimpleReferenceCache.java:217) ~[dubbo-3.1.3.jar:3.1.3]
	at org.apache.dubbo.config.utils.SimpleReferenceCache.destroy(SimpleReferenceCache.java:241) ~[dubbo-3.1.3.jar:3.1.3]
	at org.apache.dubbo.config.deploy.DefaultModuleDeployer.lambda$referServices$6(DefaultModuleDeployer.java:401) ~[dubbo-3.1.3.jar:3.1.3]
	at java.util.concurrent.ConcurrentHashMap$ValuesView.forEach(ConcurrentHashMap.java:4780) ~[?:?]
	at org.apache.dubbo.config.deploy.DefaultModuleDeployer.referServices(DefaultModuleDeployer.java:376) ~[dubbo-3.1.3.jar:3.1.3]
	at org.apache.dubbo.config.deploy.DefaultModuleDeployer.startSync(DefaultModuleDeployer.java:167) ~[dubbo-3.1.3.jar:3.1.3]
	at org.apache.dubbo.config.deploy.DefaultModuleDeployer.start(DefaultModuleDeployer.java:139) ~[dubbo-3.1.3.jar:3.1.3]
	at org.apache.dubbo.config.spring.context.DubboDeployApplicationListener.onContextRefreshedEvent(DubboDeployApplicationListener.java:113) ~[dubbo-3.1.3.jar:3.1.3]
	at org.apache.dubbo.config.spring.context.DubboDeployApplicationListener.onApplicationEvent(DubboDeployApplicationListener.java:102) ~[dubbo-3.1.3.jar:3.1.3]
	at org.apache.dubbo.config.spring.context.DubboDeployApplicationListener.onApplicationEvent(DubboDeployApplicationListener.java:47) ~[dubbo-3.1.3.jar:3.1.3]
	at org.springframework.context.event.SimpleApplicationEventMulticaster.doInvokeListener(SimpleApplicationEventMulticaster.java:176) ~[spring-context-5.3.24.jar:5.3.24]
	at org.springframework.context.event.SimpleApplicationEventMulticaster.invokeListener(SimpleApplicationEventMulticaster.java:169) ~[spring-context-5.3.24.jar:5.3.24]
	at org.springframework.context.event.SimpleApplicationEventMulticaster.multicastEvent(SimpleApplicationEventMulticaster.java:143) ~[spring-context-5.3.24.jar:5.3.24]
	at org.springframework.context.support.AbstractApplicationContext.publishEvent(AbstractApplicationContext.java:421) ~[spring-context-5.3.24.jar:5.3.24]
	at org.springframework.context.support.AbstractApplicationContext.publishEvent(AbstractApplicationContext.java:378) ~[spring-context-5.3.24.jar:5.3.24]
	at org.springframework.context.support.AbstractApplicationContext.finishRefresh(AbstractApplicationContext.java:938) ~[spring-context-5.3.24.jar:5.3.24]
	at org.springframework.context.support.AbstractApplicationContext.refresh(AbstractApplicationContext.java:586) ~[spring-context-5.3.24.jar:5.3.24]
	at org.springframework.boot.web.reactive.context.ReactiveWebServerApplicationContext.refresh(ReactiveWebServerApplicationContext.java:66) ~[spring-boot-2.7.6.jar:2.7.6]
	at org.springframework.boot.SpringApplication.refresh(SpringApplication.java:731) ~[spring-boot-2.7.6.jar:2.7.6]
	at org.springframework.boot.SpringApplication.refreshContext(SpringApplication.java:408) ~[spring-boot-2.7.6.jar:2.7.6]
	at org.springframework.boot.SpringApplication.run(SpringApplication.java:307) ~[spring-boot-2.7.6.jar:2.7.6]
	at org.springframework.boot.SpringApplication.run(SpringApplication.java:1303) ~[spring-boot-2.7.6.jar:2.7.6]
	at org.springframework.boot.SpringApplication.run(SpringApplication.java:1292) ~[spring-boot-2.7.6.jar:2.7.6]
	at org.apache.spring.dubbo.consumer.SpringDubboConsumerApplication.main(SpringDubboConsumerApplication.java:12) ~[classes/:?]
	at jdk.internal.reflect.NativeMethodAccessorImpl.invoke0(Native Method) ~[?:?]
	at jdk.internal.reflect.NativeMethodAccessorImpl.invoke(NativeMethodAccessorImpl.java:77) ~[?:?]
	at jdk.internal.reflect.DelegatingMethodAccessorImpl.invoke(DelegatingMethodAccessorImpl.java:43) ~[?:?]
	at java.lang.reflect.Method.invoke(Method.java:568) ~[?:?]
	at org.springframework.boot.devtools.restart.RestartLauncher.run(RestartLauncher.java:49) ~[spring-boot-devtools-2.7.6.jar:2.7.6]

2023-01-06 18:13:54.184  INFO 21408 --- [restartedMain] o.a.s.d.c.SpringDubboConsumerApplication : Starting SpringDubboConsumerApplication using Java 17.0.5 on LAPTOP-753I5RSM with PID 21408 (C:\Users\mikea\IdeaProjects\spring-dubbo-demo\spring-dubbo-consumer\target\classes started by mikea in C:\Users\mikea\IdeaProjects\spring-dubbo-demo)
2023-01-06 18:13:54.188  INFO 21408 --- [restartedMain] o.a.s.d.c.SpringDubboConsumerApplication : No active profile set, falling back to 1 default profile: "default"
2023-01-06 18:13:54.223  INFO 21408 --- [restartedMain] .e.DevToolsPropertyDefaultsPostProcessor : Devtools property defaults active! Set 'spring.devtools.add-properties' to 'false' to disable
2023-01-06 18:13:54.224  INFO 21408 --- [restartedMain] .e.DevToolsPropertyDefaultsPostProcessor : For additional web related logging consider setting the 'logging.level.web' property to 'DEBUG'
2023-01-06 18:13:55.129  INFO 21408 --- [restartedMain] f.a.ReferenceAnnotationBeanPostProcessor : Register dubbo reference bean: loginService = ReferenceBean:org.apache.spring.dubbo.inter.login.api.LoginService() at org.apache.spring.dubbo.inter.login.api.LoginService org.apache.spring.dubbo.consumer.login.web.LoginController.loginService
2023-01-06 18:13:55.264  INFO 21408 --- [restartedMain] f.a.ReferenceAnnotationBeanPostProcessor : class org.apache.dubbo.config.spring.beans.factory.annotation.ReferenceAnnotationBeanPostProcessor was destroying!
2023-01-06 18:13:55.608  INFO 21408 --- [restartedMain] o.s.b.d.a.OptionalLiveReloadServer       : LiveReload server is running on port 35729
2023-01-06 18:13:55.615  INFO 21408 --- [restartedMain] o.a.d.c.s.c.DubboConfigBeanInitializer   : loading dubbo config beans ...
2023-01-06 18:13:55.649  INFO 21408 --- [restartedMain] o.a.d.c.s.c.DubboConfigBeanInitializer   : dubbo config beans are loaded.
2023-01-06 18:13:56.031  INFO 21408 --- [restartedMain] o.a.d.c.s.r.ReferenceCreator             : The configBean[type:ReferenceConfig<org.apache.spring.dubbo.inter.login.api.LoginService>] has been built.
2023-01-06 18:13:56.781  INFO 21408 --- [restartedMain] o.s.b.w.e.n.NettyWebServer               : Netty started on port 8080
2023-01-06 18:13:56.835  INFO 21408 --- [restartedMain] o.s.b.a.e.w.EndpointLinksResolver        : Exposing 1 endpoint(s) beneath base path '/actuator'
2023-01-06 18:13:56.857  INFO 21408 --- [restartedMain] o.s.b.w.e.n.NettyWebServer               : Netty started on port 39154
2023-01-06 18:13:57.749  INFO 21408 --- [restartedMain] o.a.s.d.c.SpringDubboConsumerApplication : Started SpringDubboConsumerApplication in 3.896 seconds (JVM running for 4.597)
